<?xml version="1.0" encoding="UTF-8"?>
<!-- Generated by org.testng.reporters.JUnitReportReporter -->
<testsuite hostname="SeenaReddy" failures="0" tests="2" name="com.testscenarios.ReadDataFromExcel" time="29.888" errors="0" timestamp="2023-12-20T07:15:29 MST" skipped="0">
  <testcase classname="com.testscenarios.ReadDataFromExcel" name="hrm_login" time="29.283"/>
  <system-out/>
  <testcase classname="com.testscenarios.ReadDataFromExcel" name="f" time="0.605"/>
  <system-out/>
</testsuite> <!-- com.testscenarios.ReadDataFromExcel -->
