<?xml version="1.0" encoding="UTF-8"?>
<!-- Generated by org.testng.reporters.JUnitReportReporter -->
<testsuite hostname="SeenaReddy" failures="0" tests="1" name="com.testscenarios.WritTestDataToExcelSheet" time="1.403" errors="0" timestamp="2023-12-21T06:51:54 MST" skipped="0">
  <testcase classname="com.testscenarios.WritTestDataToExcelSheet" name="f" time="1.403"/>
  <system-out/>
</testsuite> <!-- com.testscenarios.WritTestDataToExcelSheet -->
