<?xml version="1.0" encoding="UTF-8"?>
<!-- Generated by org.testng.reporters.JUnitReportReporter -->
<testsuite hostname="SeenaReddy" failures="0" tests="1" name="com.testscenarios.OrangeHRM" time="22.370" errors="0" timestamp="2023-12-04T06:50:45 MST" skipped="0">
  <testcase classname="com.testscenarios.OrangeHRM" name="ohrm_login" time="22.370"/>
</testsuite> <!-- com.testscenarios.OrangeHRM -->
