<?xml version="1.0" encoding="UTF-8"?>
<!-- Generated by org.testng.reporters.JUnitReportReporter -->
<testsuite hostname="SeenaReddy" failures="0" tests="1" name="com.testscenarios.AdvanceConcepts" time="14.460" errors="0" timestamp="2023-12-05T07:09:24 MST" skipped="0">
  <testcase classname="com.testscenarios.AdvanceConcepts" name="tc_02_PopUpHandling" time="14.460"/>
  <system-out/>
</testsuite> <!-- com.testscenarios.AdvanceConcepts -->
