<?xml version="1.0" encoding="UTF-8"?>
<!-- Generated by org.testng.reporters.JUnitReportReporter -->
<testsuite hostname="SeenaReddy" failures="0" tests="1" name="com.testscenarios.CollegeLive" time="2.971" errors="0" timestamp="2023-12-04T07:06:14 MST" skipped="0">
  <testcase classname="com.testscenarios.CollegeLive" name="ohrm_login" time="2.971"/>
</testsuite> <!-- com.testscenarios.CollegeLive -->
