<?xml version="1.0" encoding="UTF-8"?>
<!-- Generated by org.testng.reporters.JUnitReportReporter -->
<testsuite hostname="SeenaReddy" failures="0" tests="1" name="com.testscenarios.ReadMultipleTestDataFromExcel" time="60.906" errors="0" timestamp="2023-12-21T07:03:55 MST" skipped="0">
  <testcase classname="com.testscenarios.ReadMultipleTestDataFromExcel" name="hrm_login" time="60.906"/>
  <system-out/>
</testsuite> <!-- com.testscenarios.ReadMultipleTestDataFromExcel -->
